<?xml version="1.0" encoding="UTF-8"?><testsuite errors="1" failures="0" name="Agregar al carrito" skipped="0" tests="1" time="2.93" timestamp="2022-08-05 11:16:24"><testcase name="Agregar prouctos"><error message="Could not instantiate class org.openqa.selenium.chrome.ChromeDriver" type="net.thucydides.core.webdriver.UnsupportedDriverException">Could not instantiate class org.openqa.selenium.chrome.ChromeDriver</error><system-err>Could not instantiate class org.openqa.selenium.chrome.ChromeDriver&#13;
co.com.banistmo.prueba.task.OpenUp.performAs(OpenUp.java:16)&#13;
co.com.banistmo.prueba.Stepdefinitions.stepdefinitions.queElUsuarioIngresaALaPagina(stepdefinitions.java:27)&#13;
cucumber.runner.Runner.runPickle(Runner.java:80)&#13;
worker.org.gradle.process.internal.worker.GradleWorkerMain.run(GradleWorkerMain.java:69)&#13;
worker.org.gradle.process.internal.worker.GradleWorkerMain.main(GradleWorkerMain.java:74)&#13;
</system-err></testcase></testsuite>